[debug] [2020-02-12T18:55:36.150Z] ----------------------------------------------------------------------
[debug] [2020-02-12T18:55:36.152Z] Command:       /usr/local/bin/node /usr/local/bin/firebase emulators:start
[debug] [2020-02-12T18:55:36.152Z] CLI Version:   7.12.1
[debug] [2020-02-12T18:55:36.152Z] Platform:      darwin
[debug] [2020-02-12T18:55:36.152Z] Node Version:  v12.14.1
[debug] [2020-02-12T18:55:36.153Z] Time:          Wed Feb 12 2020 15:55:36 GMT-0300 (Brasilia Standard Time)
[debug] [2020-02-12T18:55:36.153Z] ----------------------------------------------------------------------
[debug] [2020-02-12T18:55:36.153Z] 
[debug] [2020-02-12T18:55:36.168Z] > command requires scopes: ["email","openid","https://www.googleapis.com/auth/cloudplatformprojects.readonly","https://www.googleapis.com/auth/firebase","https://www.googleapis.com/auth/cloud-platform"]
[debug] [2020-02-12T18:55:36.169Z] > authorizing via signed-in user
[info] i  emulators: Starting emulators: functions, hosting
[warn] ⚠  Your requested "node" version "8" doesn't match your global version "12"
[info] ✔  functions: Emulator started at http://localhost:5001
[debug] [2020-02-12T18:55:36.483Z] >>> HTTP REQUEST GET https://firebase.googleapis.com/v1beta1/projects/my-roommate-app/webApps/-/config  
 
[debug] [2020-02-12T18:55:38.071Z] <<< HTTP RESPONSE 200
[info] i  hosting: Serving hosting files from: build
[info] ✔  hosting: Local server: http://localhost:5000
[info] ✔  hosting: Emulator started at http://localhost:5000
[info] i  functions: Watching "/Users/bgotaski/Documents/My_items/my-roommate-app/functions" for Cloud Functions...
[debug] [2020-02-12T18:55:38.396Z] [worker-pool] addWorker(~diagnostic~)
[debug] [2020-02-12T18:55:38.399Z] [worker-pool] Adding worker with key ~diagnostic~, total=1
[debug] [2020-02-12T18:55:38.399Z] [worker-pool] submitWork(triggerId=)
[debug] [2020-02-12T18:55:38.400Z] [worker-~diagnostic~-753bdbd1-0b8e-4eb2-b332-e32ab355a8e1]: Assigning socketPath: /var/folders/8q/y4n631lx3jq_859njd11j0rm0000gn/T/fire_emu_42742.sock
[debug] [2020-02-12T18:55:38.400Z] [worker-~diagnostic~-753bdbd1-0b8e-4eb2-b332-e32ab355a8e1]: BUSY
[debug] [2020-02-12T18:55:38.754Z] [runtime-status] [42742] Functions runtime initialized. {"cwd":"/Users/bgotaski/Documents/My_items/my-roommate-app/functions","node_version":"12.14.1"}
[debug] [2020-02-12T18:55:38.754Z] [runtime-status] [42742] Disabled runtime features: undefined
[debug] [2020-02-12T18:55:38.757Z] [runtime-status] [42742] Resolved module firebase-admin {"declared":true,"installed":true,"version":"8.9.2","resolution":"/Users/bgotaski/Documents/My_items/my-roommate-app/functions/node_modules/firebase-admin/lib/index.js"}
[debug] [2020-02-12T18:55:38.760Z] [runtime-status] [42742] Resolved module firebase-functions {"declared":true,"installed":true,"version":"3.3.0","resolution":"/Users/bgotaski/Documents/My_items/my-roommate-app/functions/node_modules/firebase-functions/lib/index.js"}
[warn] ⚠  functions: Your GOOGLE_APPLICATION_CREDENTIALS environment variable points to path/to/key.json. Non-emulated services will access production using these credentials. Be careful!
[debug] [2020-02-12T18:55:39.482Z] [runtime-status] [42742] Found google-gax at /Users/bgotaski/Documents/My_items/my-roommate-app/functions/node_modules/google-gax/build/src/index.js
[debug] [2020-02-12T18:55:39.482Z] [runtime-status] [42742] Outgoing network have been stubbed. [{"name":"http","status":"mocked"},{"name":"http","status":"mocked"},{"name":"https","status":"mocked"},{"name":"https","status":"mocked"},{"name":"net","status":"mocked"},{"name":"google-gax","status":"mocked"}]
[debug] [2020-02-12T18:55:39.587Z] [runtime-status] [42742] Checked functions.config() {"config":{}}
[debug] [2020-02-12T18:55:39.588Z] [runtime-status] [42742] Resolved module firebase-functions {"declared":true,"installed":true,"version":"3.3.0","resolution":"/Users/bgotaski/Documents/My_items/my-roommate-app/functions/node_modules/firebase-functions/lib/index.js"}
[debug] [2020-02-12T18:55:39.590Z] [runtime-status] [42742] Resolved module firebase-admin {"declared":true,"installed":true,"version":"8.9.2","resolution":"/Users/bgotaski/Documents/My_items/my-roommate-app/functions/node_modules/firebase-admin/lib/index.js"}
[debug] [2020-02-12T18:55:39.591Z] [runtime-status] [42742] Resolved module firebase-functions {"declared":true,"installed":true,"version":"3.3.0","resolution":"/Users/bgotaski/Documents/My_items/my-roommate-app/functions/node_modules/firebase-functions/lib/index.js"}
[debug] [2020-02-12T18:55:39.775Z] [runtime-status] [42742] firebase-admin has been stubbed. {"adminResolution":{"declared":true,"installed":true,"version":"8.9.2","resolution":"/Users/bgotaski/Documents/My_items/my-roommate-app/functions/node_modules/firebase-admin/lib/index.js"}}
[warn] ⚠  Error: Failed to read credentials from file path/to/key.json: Error: ENOENT: no such file or directory, open 'path/to/key.json'
    at FirebaseAppError.FirebaseError [as constructor] (/Users/bgotaski/Documents/My_items/my-roommate-app/functions/node_modules/firebase-admin/lib/utils/error.js:42:28)
    at FirebaseAppError.PrefixedFirebaseError [as constructor] (/Users/bgotaski/Documents/My_items/my-roommate-app/functions/node_modules/firebase-admin/lib/utils/error.js:88:28)
    at new FirebaseAppError (/Users/bgotaski/Documents/My_items/my-roommate-app/functions/node_modules/firebase-admin/lib/utils/error.js:123:28)
    at readCredentialFile (/Users/bgotaski/Documents/My_items/my-roommate-app/functions/node_modules/firebase-admin/lib/auth/credential.js:381:15)
    at credentialFromFile (/Users/bgotaski/Documents/My_items/my-roommate-app/functions/node_modules/firebase-admin/lib/auth/credential.js:360:27)
    at Object.getApplicationDefault (/Users/bgotaski/Documents/My_items/my-roommate-app/functions/node_modules/firebase-admin/lib/auth/credential.js:279:16)
    at new FirebaseApp (/Users/bgotaski/Documents/My_items/my-roommate-app/functions/node_modules/firebase-admin/lib/firebase-app.js:194:53)
    at FirebaseNamespaceInternals.initializeApp (/Users/bgotaski/Documents/My_items/my-roommate-app/functions/node_modules/firebase-admin/lib/firebase-namespace.js:80:19)
    at FirebaseNamespace.initializeApp (/Users/bgotaski/Documents/My_items/my-roommate-app/functions/node_modules/firebase-admin/lib/firebase-namespace.js:408:30)
    at Proxy.<anonymous> (/usr/local/lib/node_modules/firebase-tools/lib/emulator/functionsEmulatorRuntime.js:337:72)
[warn] ⚠  We were unable to load your functions code. (see above)
   - It appears your code is written in Typescript, which must be compiled before emulation.
[debug] [2020-02-12T18:55:39.820Z] [worker-~diagnostic~-753bdbd1-0b8e-4eb2-b332-e32ab355a8e1]: exited
[debug] [2020-02-12T18:55:39.820Z] [worker-~diagnostic~-753bdbd1-0b8e-4eb2-b332-e32ab355a8e1]: FINISHED
[debug] [2020-02-12T19:03:59.323Z] ----------------------------------------------------------------------
[debug] [2020-02-12T19:03:59.326Z] Command:       /usr/local/bin/node /usr/local/bin/firebase emulators:start
[debug] [2020-02-12T19:03:59.326Z] CLI Version:   7.12.1
[debug] [2020-02-12T19:03:59.326Z] Platform:      darwin
[debug] [2020-02-12T19:03:59.326Z] Node Version:  v12.14.1
[debug] [2020-02-12T19:03:59.335Z] Time:          Wed Feb 12 2020 16:03:59 GMT-0300 (Brasilia Standard Time)
[debug] [2020-02-12T19:03:59.336Z] ----------------------------------------------------------------------
[debug] [2020-02-12T19:03:59.336Z] 
[debug] [2020-02-12T19:03:59.351Z] > command requires scopes: ["email","openid","https://www.googleapis.com/auth/cloudplatformprojects.readonly","https://www.googleapis.com/auth/firebase","https://www.googleapis.com/auth/cloud-platform"]
[debug] [2020-02-12T19:03:59.352Z] > authorizing via signed-in user
[info] i  emulators: Starting emulators: functions, hosting
[warn] ⚠  Your requested "node" version "8" doesn't match your global version "12"
[info] ✔  functions: Emulator started at http://localhost:5001
[debug] [2020-02-12T19:03:59.671Z] >>> HTTP REQUEST GET https://firebase.googleapis.com/v1beta1/projects/my-roommate-app/webApps/-/config  
 
[debug] [2020-02-12T19:04:00.422Z] <<< HTTP RESPONSE 200
[info] i  hosting: Serving hosting files from: build
[info] ✔  hosting: Local server: http://localhost:5000
[info] ✔  hosting: Emulator started at http://localhost:5000
[info] i  functions: Watching "/Users/bgotaski/Documents/My_items/my-roommate-app/functions" for Cloud Functions...
[debug] [2020-02-12T19:04:00.752Z] [worker-pool] addWorker(~diagnostic~)
[debug] [2020-02-12T19:04:00.753Z] [worker-pool] Adding worker with key ~diagnostic~, total=1
[debug] [2020-02-12T19:04:00.753Z] [worker-pool] submitWork(triggerId=)
[debug] [2020-02-12T19:04:00.753Z] [worker-~diagnostic~-01673314-813c-4de0-b15c-6a001b816bfc]: Assigning socketPath: /var/folders/8q/y4n631lx3jq_859njd11j0rm0000gn/T/fire_emu_42959.sock
[debug] [2020-02-12T19:04:00.754Z] [worker-~diagnostic~-01673314-813c-4de0-b15c-6a001b816bfc]: BUSY
[debug] [2020-02-12T19:04:01.107Z] [runtime-status] [42959] Functions runtime initialized. {"cwd":"/Users/bgotaski/Documents/My_items/my-roommate-app/functions","node_version":"12.14.1"}
[debug] [2020-02-12T19:04:01.107Z] [runtime-status] [42959] Disabled runtime features: undefined
[debug] [2020-02-12T19:04:01.112Z] [runtime-status] [42959] Resolved module firebase-admin {"declared":true,"installed":true,"version":"8.9.2","resolution":"/Users/bgotaski/Documents/My_items/my-roommate-app/functions/node_modules/firebase-admin/lib/index.js"}
[debug] [2020-02-12T19:04:01.115Z] [runtime-status] [42959] Resolved module firebase-functions {"declared":true,"installed":true,"version":"3.3.0","resolution":"/Users/bgotaski/Documents/My_items/my-roommate-app/functions/node_modules/firebase-functions/lib/index.js"}
[warn] ⚠  functions: Your GOOGLE_APPLICATION_CREDENTIALS environment variable points to path/to/key.json. Non-emulated services will access production using these credentials. Be careful!
[debug] [2020-02-12T19:04:01.920Z] [runtime-status] [42959] Found google-gax at /Users/bgotaski/Documents/My_items/my-roommate-app/functions/node_modules/google-gax/build/src/index.js
[debug] [2020-02-12T19:04:01.920Z] [runtime-status] [42959] Outgoing network have been stubbed. [{"name":"http","status":"mocked"},{"name":"http","status":"mocked"},{"name":"https","status":"mocked"},{"name":"https","status":"mocked"},{"name":"net","status":"mocked"},{"name":"google-gax","status":"mocked"}]
[debug] [2020-02-12T19:04:02.050Z] [runtime-status] [42959] Checked functions.config() {"config":{}}
[debug] [2020-02-12T19:04:02.052Z] [runtime-status] [42959] Resolved module firebase-functions {"declared":true,"installed":true,"version":"3.3.0","resolution":"/Users/bgotaski/Documents/My_items/my-roommate-app/functions/node_modules/firebase-functions/lib/index.js"}
[debug] [2020-02-12T19:04:02.053Z] [runtime-status] [42959] Resolved module firebase-admin {"declared":true,"installed":true,"version":"8.9.2","resolution":"/Users/bgotaski/Documents/My_items/my-roommate-app/functions/node_modules/firebase-admin/lib/index.js"}
[debug] [2020-02-12T19:04:02.054Z] [runtime-status] [42959] Resolved module firebase-functions {"declared":true,"installed":true,"version":"3.3.0","resolution":"/Users/bgotaski/Documents/My_items/my-roommate-app/functions/node_modules/firebase-functions/lib/index.js"}
[debug] [2020-02-12T19:04:02.264Z] [runtime-status] [42959] firebase-admin has been stubbed. {"adminResolution":{"declared":true,"installed":true,"version":"8.9.2","resolution":"/Users/bgotaski/Documents/My_items/my-roommate-app/functions/node_modules/firebase-admin/lib/index.js"}}
[warn] ⚠  /Users/bgotaski/Documents/My_items/my-roommate-app/functions/index.js:1
import * as admin from 'firebase-admin';
^^^^^^

SyntaxError: Cannot use import statement outside a module
    at Module._compile (internal/modules/cjs/loader.js:891:18)
    at Object.Module._extensions..js (internal/modules/cjs/loader.js:991:10)
    at Module.load (internal/modules/cjs/loader.js:811:32)
    at Function.Module._load (internal/modules/cjs/loader.js:723:14)
    at Module.require (internal/modules/cjs/loader.js:848:19)
    at require (internal/modules/cjs/helpers.js:74:18)
    at /usr/local/lib/node_modules/firebase-tools/lib/emulator/functionsEmulatorRuntime.js:718:33
    at Generator.next (<anonymous>)
    at fulfilled (/usr/local/lib/node_modules/firebase-tools/lib/emulator/functionsEmulatorRuntime.js:4:58)
    at processTicksAndRejections (internal/process/task_queues.js:94:5)
[warn] ⚠  We were unable to load your functions code. (see above)
   - It appears your code is written in Typescript, which must be compiled before emulation.
[debug] [2020-02-12T19:04:02.300Z] [worker-~diagnostic~-01673314-813c-4de0-b15c-6a001b816bfc]: exited
[debug] [2020-02-12T19:04:02.300Z] [worker-~diagnostic~-01673314-813c-4de0-b15c-6a001b816bfc]: FINISHED
[debug] [2020-02-13T17:37:20.223Z] ----------------------------------------------------------------------
[debug] [2020-02-13T17:37:20.226Z] Command:       /usr/local/bin/node /usr/local/bin/firebase emulators:start
[debug] [2020-02-13T17:37:20.226Z] CLI Version:   7.12.1
[debug] [2020-02-13T17:37:20.226Z] Platform:      darwin
[debug] [2020-02-13T17:37:20.227Z] Node Version:  v12.14.1
[debug] [2020-02-13T17:37:20.251Z] Time:          Thu Feb 13 2020 14:37:20 GMT-0300 (Brasilia Standard Time)
[debug] [2020-02-13T17:37:20.251Z] ----------------------------------------------------------------------
[debug] [2020-02-13T17:37:20.251Z] 
[debug] [2020-02-13T17:37:20.270Z] > command requires scopes: ["email","openid","https://www.googleapis.com/auth/cloudplatformprojects.readonly","https://www.googleapis.com/auth/firebase","https://www.googleapis.com/auth/cloud-platform"]
[debug] [2020-02-13T17:37:20.271Z] > authorizing via signed-in user
[info] i  emulators: Starting emulators: functions, hosting
[warn] ⚠  Your requested "node" version "8" doesn't match your global version "12"
[info] ✔  functions: Emulator started at http://localhost:5001
[debug] [2020-02-13T17:37:20.630Z] > refreshing access token with scopes: ["email","https://www.googleapis.com/auth/cloud-platform","https://www.googleapis.com/auth/cloudplatformprojects.readonly","https://www.googleapis.com/auth/firebase","openid"]
[debug] [2020-02-13T17:37:20.630Z] >>> HTTP REQUEST POST https://www.googleapis.com/oauth2/v3/token  
 <request body omitted>
[debug] [2020-02-13T17:37:20.931Z] <<< HTTP RESPONSE 200
[debug] [2020-02-13T17:37:20.950Z] >>> HTTP REQUEST GET https://firebase.googleapis.com/v1beta1/projects/my-roommate-app/webApps/-/config  
 
[debug] [2020-02-13T17:37:22.610Z] <<< HTTP RESPONSE 200
[info] i  hosting: Serving hosting files from: build
[info] ✔  hosting: Local server: http://localhost:5000
[info] ✔  hosting: Emulator started at http://localhost:5000
[info] i  functions: Watching "/Users/bgotaski/Documents/My_items/my-roommate-app/functions" for Cloud Functions...
[debug] [2020-02-13T17:37:22.921Z] [worker-pool] addWorker(~diagnostic~)
[debug] [2020-02-13T17:37:22.921Z] [worker-pool] Adding worker with key ~diagnostic~, total=1
[debug] [2020-02-13T17:37:22.921Z] [worker-pool] submitWork(triggerId=)
[debug] [2020-02-13T17:37:22.922Z] [worker-~diagnostic~-b6d798b4-e011-4a1f-8f00-f2b4b5353d43]: Assigning socketPath: /var/folders/8q/y4n631lx3jq_859njd11j0rm0000gn/T/fire_emu_45672.sock
[debug] [2020-02-13T17:37:22.922Z] [worker-~diagnostic~-b6d798b4-e011-4a1f-8f00-f2b4b5353d43]: BUSY
[debug] [2020-02-13T17:37:23.864Z] [runtime-status] [45672] Functions runtime initialized. {"cwd":"/Users/bgotaski/Documents/My_items/my-roommate-app/functions","node_version":"12.14.1"}
[debug] [2020-02-13T17:37:23.865Z] [runtime-status] [45672] Disabled runtime features: undefined
[debug] [2020-02-13T17:37:23.872Z] [runtime-status] [45672] Resolved module firebase-admin {"declared":true,"installed":true,"version":"8.9.2","resolution":"/Users/bgotaski/Documents/My_items/my-roommate-app/functions/node_modules/firebase-admin/lib/index.js"}
[debug] [2020-02-13T17:37:23.877Z] [runtime-status] [45672] Resolved module firebase-functions {"declared":true,"installed":true,"version":"3.3.0","resolution":"/Users/bgotaski/Documents/My_items/my-roommate-app/functions/node_modules/firebase-functions/lib/index.js"}
[warn] ⚠  functions: Your GOOGLE_APPLICATION_CREDENTIALS environment variable points to path/to/key.json. Non-emulated services will access production using these credentials. Be careful!
[debug] [2020-02-13T17:37:24.749Z] [runtime-status] [45672] Found google-gax at /Users/bgotaski/Documents/My_items/my-roommate-app/functions/node_modules/google-gax/build/src/index.js
[debug] [2020-02-13T17:37:24.749Z] [runtime-status] [45672] Outgoing network have been stubbed. [{"name":"http","status":"mocked"},{"name":"http","status":"mocked"},{"name":"https","status":"mocked"},{"name":"https","status":"mocked"},{"name":"net","status":"mocked"},{"name":"google-gax","status":"mocked"}]
[debug] [2020-02-13T17:37:24.883Z] [runtime-status] [45672] Checked functions.config() {"config":{}}
[debug] [2020-02-13T17:37:24.884Z] [runtime-status] [45672] Resolved module firebase-functions {"declared":true,"installed":true,"version":"3.3.0","resolution":"/Users/bgotaski/Documents/My_items/my-roommate-app/functions/node_modules/firebase-functions/lib/index.js"}
[debug] [2020-02-13T17:37:24.886Z] [runtime-status] [45672] Resolved module firebase-admin {"declared":true,"installed":true,"version":"8.9.2","resolution":"/Users/bgotaski/Documents/My_items/my-roommate-app/functions/node_modules/firebase-admin/lib/index.js"}
[debug] [2020-02-13T17:37:24.887Z] [runtime-status] [45672] Resolved module firebase-functions {"declared":true,"installed":true,"version":"3.3.0","resolution":"/Users/bgotaski/Documents/My_items/my-roommate-app/functions/node_modules/firebase-functions/lib/index.js"}
[debug] [2020-02-13T17:37:25.108Z] [runtime-status] [45672] firebase-admin has been stubbed. {"adminResolution":{"declared":true,"installed":true,"version":"8.9.2","resolution":"/Users/bgotaski/Documents/My_items/my-roommate-app/functions/node_modules/firebase-admin/lib/index.js"}}
[warn] ⚠  /Users/bgotaski/Documents/My_items/my-roommate-app/functions/index.js:1
import * as admin from 'firebase-admin';
^^^^^^

SyntaxError: Cannot use import statement outside a module
    at Module._compile (internal/modules/cjs/loader.js:891:18)
    at Object.Module._extensions..js (internal/modules/cjs/loader.js:991:10)
    at Module.load (internal/modules/cjs/loader.js:811:32)
    at Function.Module._load (internal/modules/cjs/loader.js:723:14)
    at Module.require (internal/modules/cjs/loader.js:848:19)
    at require (internal/modules/cjs/helpers.js:74:18)
    at /usr/local/lib/node_modules/firebase-tools/lib/emulator/functionsEmulatorRuntime.js:718:33
    at Generator.next (<anonymous>)
    at fulfilled (/usr/local/lib/node_modules/firebase-tools/lib/emulator/functionsEmulatorRuntime.js:4:58)
    at processTicksAndRejections (internal/process/task_queues.js:94:5)
[warn] ⚠  We were unable to load your functions code. (see above)
   - It appears your code is written in Typescript, which must be compiled before emulation.
[debug] [2020-02-13T17:37:25.148Z] [worker-~diagnostic~-b6d798b4-e011-4a1f-8f00-f2b4b5353d43]: exited
[debug] [2020-02-13T17:37:25.148Z] [worker-~diagnostic~-b6d798b4-e011-4a1f-8f00-f2b4b5353d43]: FINISHED
